<?xml version="1.0" encoding="UTF-8" ?>
<testsuite failures="0" time="0.013" errors="0" skipped="0" tests="1" name="xindanwei01.AppTest">
  <properties>
    <property name="java.runtime.name" value="Java(TM) SE Runtime Environment"/>
    <property name="sun.boot.library.path" value="C:\pas_env\jdk\jdk1.6.0_20\jre\bin"/>
    <property name="java.vm.version" value="16.3-b01"/>
    <property name="java.vm.vendor" value="Sun Microsystems Inc."/>
    <property name="java.vendor.url" value="http://java.sun.com/"/>
    <property name="path.separator" value=";"/>
    <property name="java.vm.name" value="Java HotSpot(TM) Client VM"/>
    <property name="file.encoding.pkg" value="sun.io"/>
    <property name="user.country" value="US"/>
    <property name="sun.java.launcher" value="SUN_STANDARD"/>
    <property name="sun.os.patch.level" value="Service Pack 2"/>
    <property name="java.vm.specification.name" value="Java Virtual Machine Specification"/>
    <property name="user.dir" value="C:\maven\practices\xindanwei01"/>
    <property name="java.runtime.version" value="1.6.0_20-b02"/>
    <property name="java.awt.graphicsenv" value="sun.awt.Win32GraphicsEnvironment"/>
    <property name="basedir" value="C:\maven\practices\xindanwei01"/>
    <property name="java.endorsed.dirs" value="C:\pas_env\jdk\jdk1.6.0_20\jre\lib\endorsed"/>
    <property name="os.arch" value="x86"/>
    <property name="surefire.real.class.path" value="C:\maven\practices\xindanwei01\target\surefire\surefirebooter4855776652518854214.jar"/>
    <property name="java.io.tmpdir" value="C:\Users\exialai\AppData\Local\Temp\"/>
    <property name="line.separator" value="
"/>
    <property name="java.vm.specification.vendor" value="Sun Microsystems Inc."/>
    <property name="user.variant" value=""/>
    <property name="os.name" value="Windows Vista"/>
    <property name="sun.jnu.encoding" value="GBK"/>
    <property name="java.library.path" value="C:\pas_env\jdk\jdk1.6.0_20\jre\bin;.;C:\Windows\Sun\Java\bin;C:\Windows\system32;C:\Windows;C:/pas_env/jdk/jdk1.6.0_20/bin/../jre/bin/client;C:/pas_env/jdk/jdk1.6.0_20/bin/../jre/bin;C:/pas_env/jdk/jdk1.6.0_20/bin/../jre/lib/i386;C:\Program Files\Common Files\Microsoft Shared\Windows Live;C:\oraclexe\app\oracle\product\10.2.0\server\BIN;C:\Program Files\Python27\;C:\Program Files\Python27\Scripts;C:\maven\apache-maven-3.0.3\bin;C:\pas_env\tools\ant\bin;C:\pas_env\jdk\jdk1.6.0_20\bin;C:\Windows\system32;C:\Windows;C:\Windows\System32\Wbem;C:\Program Files\Rational\common;C:\Program Files\Rational\ClearCase\bin;C:\Program Files\Windows Live\Shared;%APPDATA%\Python\Scripts;C:\maven\eclipse;"/>
    <property name="surefire.test.class.path" value="C:\maven\practices\xindanwei01\target\test-classes;C:\maven\practices\xindanwei01\target\classes;C:\Users\exialai\.m2\repository\log4j\log4j\1.2.16\log4j-1.2.16.jar;C:\Users\exialai\.m2\repository\javax\servlet\servlet-api\3.0-alpha-1\servlet-api-3.0-alpha-1.jar;C:\Users\exialai\.m2\repository\junit\junit\3.8.1\junit-3.8.1.jar;"/>
    <property name="java.specification.name" value="Java Platform API Specification"/>
    <property name="java.class.version" value="50.0"/>
    <property name="sun.management.compiler" value="HotSpot Client Compiler"/>
    <property name="os.version" value="6.0"/>
    <property name="user.home" value="C:\Users\exialai"/>
    <property name="user.timezone" value=""/>
    <property name="java.awt.printerjob" value="sun.awt.windows.WPrinterJob"/>
    <property name="java.specification.version" value="1.6"/>
    <property name="file.encoding" value="Cp1252"/>
    <property name="user.name" value="EXIALAI"/>
    <property name="java.class.path" value="C:\maven\practices\xindanwei01\target\test-classes;C:\maven\practices\xindanwei01\target\classes;C:\Users\exialai\.m2\repository\log4j\log4j\1.2.16\log4j-1.2.16.jar;C:\Users\exialai\.m2\repository\javax\servlet\servlet-api\3.0-alpha-1\servlet-api-3.0-alpha-1.jar;C:\Users\exialai\.m2\repository\junit\junit\3.8.1\junit-3.8.1.jar;"/>
    <property name="java.vm.specification.version" value="1.0"/>
    <property name="sun.arch.data.model" value="32"/>
    <property name="java.home" value="C:\pas_env\jdk\jdk1.6.0_20\jre"/>
    <property name="java.specification.vendor" value="Sun Microsystems Inc."/>
    <property name="user.language" value="en"/>
    <property name="awt.toolkit" value="sun.awt.windows.WToolkit"/>
    <property name="java.vm.info" value="mixed mode"/>
    <property name="java.version" value="1.6.0_20"/>
    <property name="java.ext.dirs" value="C:\pas_env\jdk\jdk1.6.0_20\jre\lib\ext;C:\Windows\Sun\Java\lib\ext"/>
    <property name="sun.boot.class.path" value="C:\pas_env\jdk\jdk1.6.0_20\jre\lib\resources.jar;C:\pas_env\jdk\jdk1.6.0_20\jre\lib\rt.jar;C:\pas_env\jdk\jdk1.6.0_20\jre\lib\sunrsasign.jar;C:\pas_env\jdk\jdk1.6.0_20\jre\lib\jsse.jar;C:\pas_env\jdk\jdk1.6.0_20\jre\lib\jce.jar;C:\pas_env\jdk\jdk1.6.0_20\jre\lib\charsets.jar;C:\pas_env\jdk\jdk1.6.0_20\jre\classes"/>
    <property name="java.vendor" value="Sun Microsystems Inc."/>
    <property name="localRepository" value="C:\Users\exialai\.m2\repository"/>
    <property name="file.separator" value="\"/>
    <property name="java.vendor.url.bug" value="http://java.sun.com/cgi-bin/bugreport.cgi"/>
    <property name="sun.cpu.endian" value="little"/>
    <property name="sun.io.unicode.encoding" value="UnicodeLittle"/>
    <property name="sun.desktop" value="windows"/>
    <property name="sun.cpu.isalist" value="pentium_pro+mmx pentium_pro pentium+mmx pentium i486 i386 i86"/>
  </properties>
  <testcase time="0.001" classname="xindanwei01.AppTest" name="testApp"/>
</testsuite>